  [1m[35m (48.7ms)[0m  [1m[35mCREATE DATABASE `food_swap` DEFAULT CHARACTER SET `utf8mb4`[0m
  [1m[35m (1.9ms)[0m  [1m[35mCREATE DATABASE `` DEFAULT CHARACTER SET `utf8mb4`[0m
  [1m[35m (0.7ms)[0m  [1m[35mCREATE DATABASE `food_swap` DEFAULT CHARACTER SET `utf8mb4`[0m
  [1m[35m (81.8ms)[0m  [1m[35mCREATE TABLE `schema_migrations` (`version` varchar(255) NOT NULL PRIMARY KEY)[0m
  [1m[35m (39.1ms)[0m  [1m[35mCREATE TABLE `ar_internal_metadata` (`key` varchar(255) NOT NULL PRIMARY KEY, `value` varchar(255), `created_at` datetime(6) NOT NULL, `updated_at` datetime(6) NOT NULL)[0m
  [1m[35m (1.6ms)[0m  [1m[34mSELECT GET_LOCK('4985247767272911600', 0)[0m
  [1m[36mActiveRecord::SchemaMigration Pluck (3.4ms)[0m  [1m[34mSELECT `schema_migrations`.`version` FROM `schema_migrations` ORDER BY `schema_migrations`.`version` ASC[0m
Migrating to DeviseCreateUsers (20240411095529)
  [1m[35m (63.9ms)[0m  [1m[35mCREATE TABLE `users` (`id` bigint NOT NULL AUTO_INCREMENT PRIMARY KEY, `email` varchar(255) DEFAULT '' NOT NULL, `encrypted_password` varchar(255) DEFAULT '' NOT NULL, `reset_password_token` varchar(255), `reset_password_sent_at` datetime(6), `remember_created_at` datetime(6), `sign_in_count` int DEFAULT 0 NOT NULL, `current_sign_in_at` datetime(6), `last_sign_in_at` datetime(6), `current_sign_in_ip` varchar(255), `last_sign_in_ip` varchar(255), `first_name` varchar(255), `last_name` varchar(255), `address` varchar(255), `bio` varchar(255), `profile_picture` varchar(255), `preference` varchar(255), `reputationScore` varchar(255), `gender` varchar(255), `phone` varchar(255), `created_at` datetime(6) NOT NULL, `updated_at` datetime(6) NOT NULL)[0m
  [1m[35m (62.0ms)[0m  [1m[35mCREATE UNIQUE INDEX `index_users_on_email` ON `users` (`email`)[0m
  [1m[35m (44.4ms)[0m  [1m[35mCREATE UNIQUE INDEX `index_users_on_reset_password_token` ON `users` (`reset_password_token`)[0m
  [1m[36mTRANSACTION (1.0ms)[0m  [1m[35mBEGIN[0m
  [1m[36mActiveRecord::SchemaMigration Create (7.6ms)[0m  [1m[32mINSERT INTO `schema_migrations` (`version`) VALUES ('20240411095529')[0m
  [1m[36mTRANSACTION (4.6ms)[0m  [1m[35mCOMMIT[0m
  [1m[36mActiveRecord::InternalMetadata Load (5.6ms)[0m  [1m[34mSELECT `ar_internal_metadata`.* FROM `ar_internal_metadata` WHERE `ar_internal_metadata`.`key` = 'environment' LIMIT 1[0m
  [1m[36mTRANSACTION (0.6ms)[0m  [1m[35mBEGIN[0m
  [1m[36mActiveRecord::InternalMetadata Create (2.8ms)[0m  [1m[32mINSERT INTO `ar_internal_metadata` (`key`, `value`, `created_at`, `updated_at`) VALUES ('environment', 'development', '2024-04-11 12:04:15.932391', '2024-04-11 12:04:15.932391')[0m
  [1m[36mTRANSACTION (4.9ms)[0m  [1m[35mCOMMIT[0m
  [1m[35m (0.6ms)[0m  [1m[34mSELECT RELEASE_LOCK('4985247767272911600')[0m
  [1m[36mActiveRecord::SchemaMigration Pluck (0.5ms)[0m  [1m[34mSELECT `schema_migrations`.`version` FROM `schema_migrations` ORDER BY `schema_migrations`.`version` ASC[0m
